<?xml version="1.0" encoding="UTF-8"?>
<!-- Generated by org.testng.reporters.JUnitReportReporter -->
<testsuite hostname="DESKTOP-4UVV2IA" name="com.testscripts.TC04" tests="1" failures="1" timestamp="17 Oct 2020 06:54:31 GMT" time="618.475" errors="0">
  <testcase name="method" time="618.475" classname="com.testscripts.TC04">
    <failure type="org.openqa.selenium.SessionNotCreatedException" message="session not created
from timeout: Timed out receiving message from renderer: 600.000
  (Session info: chrome=86.0.4240.75)
Build info: version: &#039;3.141.59&#039;, revision: &#039;e82be7d358&#039;, time: &#039;2018-11-14T08:25:48&#039;
System info: host: &#039;DESKTOP-4UVV2IA&#039;, ip: &#039;192.168.43.174&#039;, os.name: &#039;Windows 10&#039;, os.arch: &#039;amd64&#039;, os.version: &#039;10.0&#039;, java.version: &#039;1.8.0_172&#039;
Driver info: driver.version: ChromeDriver
remote stacktrace: Backtrace:
	Ordinal0 [0x0058D383+3134339]
	Ordinal0 [0x0047A171+2007409]
	Ordinal0 [0x0031AEE8+569064]
	Ordinal0 [0x0030F19C+520604]
	Ordinal0 [0x0030E542+517442]
	Ordinal0 [0x0030E935+518453]
	Ordinal0 [0x0030E265+516709]
	Ordinal0 [0x00317551+554321]
	Ordinal0 [0x0030E214+516628]
	Ordinal0 [0x0030EF25+519973]
	Ordinal0 [0x0030E542+517442]
	Ordinal0 [0x0030E935+518453]
	Ordinal0 [0x0030E265+516709]
	Ordinal0 [0x003158DE+547038]
	Ordinal0 [0x0030E214+516628]
	Ordinal0 [0x0030EF25+519973]
	Ordinal0 [0x0030E542+517442]
	Ordinal0 [0x0030E935+518453]
	Ordinal0 [0x0030E265+516709]
	Ordinal0 [0x00313BF6+539638]
	Ordinal0 [0x0030E214+516628]
	Ordinal0 [0x0030EF25+519973]
	Ordinal0 [0x0030E542+517442]
	Ordinal0 [0x0030E935+518453]
	Ordinal0 [0x0030E265+516709]
	Ordinal0 [0x00312F37+536375]
	Ordinal0 [0x0030E214+516628]
	Ordinal0 [0x0030EF25+519973]
	Ordinal0 [0x0030E542+517442]
	Ordinal0 [0x0030E935+518453]
	Ordinal0 [0x0030E265+516709]
	Ordinal0 [0x0030AB7C+502652]
	Ordinal0 [0x0030E214+516628]
	Ordinal0 [0x0030DF81+515969]
	Ordinal0 [0x0031BF70+573296]
	Ordinal0 [0x002C1916+203030]
	Ordinal0 [0x002C0C1D+199709]
	Ordinal0 [0x002BEB0B+191243]
	Ordinal0 [0x002A2E77+77431]
	Ordinal0 [0x002A3E3E+81470]
	Ordinal0 [0x002A3DC9+81353]
	Ordinal0 [0x00490CD9+2100441]
	GetHandleVerifier [0x006FB75A+1396954]
	GetHandleVerifier [0x006FB3D9+1396057]
	GetHandleVerifier [0x00707126+1444518]
	GetHandleVerifier [0x006FBCE8+1398376]
	Ordinal0 [0x00487F51+2064209]
	Ordinal0 [0x004922EB+2106091]
	Ordinal0 [0x00492411+2106385]
	Ordinal0 [0x004A49C4+2181572]
	BaseThreadInitThunk [0x77326359+25]
	RtlGetAppContainerNamedObjectPath [0x77E97C24+228]
	RtlGetAppContainerNamedObjectPath [0x77E97BF4+180]
">
      <![CDATA[org.openqa.selenium.SessionNotCreatedException: session not created
from timeout: Timed out receiving message from renderer: 600.000
  (Session info: chrome=86.0.4240.75)
Build info: version: '3.141.59', revision: 'e82be7d358', time: '2018-11-14T08:25:48'
System info: host: 'DESKTOP-4UVV2IA', ip: '192.168.43.174', os.name: 'Windows 10', os.arch: 'amd64', os.version: '10.0', java.version: '1.8.0_172'
Driver info: driver.version: ChromeDriver
remote stacktrace: Backtrace:
	Ordinal0 [0x0058D383+3134339]
	Ordinal0 [0x0047A171+2007409]
	Ordinal0 [0x0031AEE8+569064]
	Ordinal0 [0x0030F19C+520604]
	Ordinal0 [0x0030E542+517442]
	Ordinal0 [0x0030E935+518453]
	Ordinal0 [0x0030E265+516709]
	Ordinal0 [0x00317551+554321]
	Ordinal0 [0x0030E214+516628]
	Ordinal0 [0x0030EF25+519973]
	Ordinal0 [0x0030E542+517442]
	Ordinal0 [0x0030E935+518453]
	Ordinal0 [0x0030E265+516709]
	Ordinal0 [0x003158DE+547038]
	Ordinal0 [0x0030E214+516628]
	Ordinal0 [0x0030EF25+519973]
	Ordinal0 [0x0030E542+517442]
	Ordinal0 [0x0030E935+518453]
	Ordinal0 [0x0030E265+516709]
	Ordinal0 [0x00313BF6+539638]
	Ordinal0 [0x0030E214+516628]
	Ordinal0 [0x0030EF25+519973]
	Ordinal0 [0x0030E542+517442]
	Ordinal0 [0x0030E935+518453]
	Ordinal0 [0x0030E265+516709]
	Ordinal0 [0x00312F37+536375]
	Ordinal0 [0x0030E214+516628]
	Ordinal0 [0x0030EF25+519973]
	Ordinal0 [0x0030E542+517442]
	Ordinal0 [0x0030E935+518453]
	Ordinal0 [0x0030E265+516709]
	Ordinal0 [0x0030AB7C+502652]
	Ordinal0 [0x0030E214+516628]
	Ordinal0 [0x0030DF81+515969]
	Ordinal0 [0x0031BF70+573296]
	Ordinal0 [0x002C1916+203030]
	Ordinal0 [0x002C0C1D+199709]
	Ordinal0 [0x002BEB0B+191243]
	Ordinal0 [0x002A2E77+77431]
	Ordinal0 [0x002A3E3E+81470]
	Ordinal0 [0x002A3DC9+81353]
	Ordinal0 [0x00490CD9+2100441]
	GetHandleVerifier [0x006FB75A+1396954]
	GetHandleVerifier [0x006FB3D9+1396057]
	GetHandleVerifier [0x00707126+1444518]
	GetHandleVerifier [0x006FBCE8+1398376]
	Ordinal0 [0x00487F51+2064209]
	Ordinal0 [0x004922EB+2106091]
	Ordinal0 [0x00492411+2106385]
	Ordinal0 [0x004A49C4+2181572]
	BaseThreadInitThunk [0x77326359+25]
	RtlGetAppContainerNamedObjectPath [0x77E97C24+228]
	RtlGetAppContainerNamedObjectPath [0x77E97BF4+180]

	at sun.reflect.NativeConstructorAccessorImpl.newInstance0(Native Method)
	at sun.reflect.NativeConstructorAccessorImpl.newInstance(NativeConstructorAccessorImpl.java:62)
	at sun.reflect.DelegatingConstructorAccessorImpl.newInstance(DelegatingConstructorAccessorImpl.java:45)
	at java.lang.reflect.Constructor.newInstance(Constructor.java:423)
	at org.openqa.selenium.remote.W3CHandshakeResponse.lambda$errorHandler$0(W3CHandshakeResponse.java:62)
	at org.openqa.selenium.remote.HandshakeResponse.lambda$getResponseFunction$0(HandshakeResponse.java:30)
	at org.openqa.selenium.remote.ProtocolHandshake.lambda$createSession$0(ProtocolHandshake.java:126)
	at java.util.stream.ReferencePipeline$3$1.accept(ReferencePipeline.java:193)
	at java.util.Spliterators$ArraySpliterator.tryAdvance(Spliterators.java:958)
	at java.util.stream.ReferencePipeline.forEachWithCancel(ReferencePipeline.java:126)
	at java.util.stream.AbstractPipeline.copyIntoWithCancel(AbstractPipeline.java:498)
	at java.util.stream.AbstractPipeline.copyInto(AbstractPipeline.java:485)
	at java.util.stream.AbstractPipeline.wrapAndCopyInto(AbstractPipeline.java:471)
	at java.util.stream.FindOps$FindOp.evaluateSequential(FindOps.java:152)
	at java.util.stream.AbstractPipeline.evaluate(AbstractPipeline.java:234)
	at java.util.stream.ReferencePipeline.findFirst(ReferencePipeline.java:464)
	at org.openqa.selenium.remote.ProtocolHandshake.createSession(ProtocolHandshake.java:128)
	at org.openqa.selenium.remote.ProtocolHandshake.createSession(ProtocolHandshake.java:74)
	at org.openqa.selenium.remote.HttpCommandExecutor.execute(HttpCommandExecutor.java:136)
	at org.openqa.selenium.remote.service.DriverCommandExecutor.execute(DriverCommandExecutor.java:83)
	at org.openqa.selenium.remote.RemoteWebDriver.execute(RemoteWebDriver.java:552)
	at org.openqa.selenium.remote.RemoteWebDriver.startSession(RemoteWebDriver.java:213)
	at org.openqa.selenium.remote.RemoteWebDriver.<init>(RemoteWebDriver.java:131)
	at org.openqa.selenium.chrome.ChromeDriver.<init>(ChromeDriver.java:181)
	at org.openqa.selenium.chrome.ChromeDriver.<init>(ChromeDriver.java:168)
	at org.openqa.selenium.chrome.ChromeDriver.<init>(ChromeDriver.java:123)
	at com.hrms.lib.General.openApplication(General.java:14)
	at com.testscripts.TC04.method(TC04.java:9)
	at sun.reflect.NativeMethodAccessorImpl.invoke0(Native Method)
	at sun.reflect.NativeMethodAccessorImpl.invoke(NativeMethodAccessorImpl.java:62)
	at sun.reflect.DelegatingMethodAccessorImpl.invoke(DelegatingMethodAccessorImpl.java:43)
	at java.lang.reflect.Method.invoke(Method.java:498)
	at org.testng.internal.MethodInvocationHelper.invokeMethod(MethodInvocationHelper.java:80)
	at org.testng.internal.Invoker.invokeMethod(Invoker.java:714)
	at org.testng.internal.Invoker.invokeTestMethod(Invoker.java:901)
	at org.testng.internal.Invoker.invokeTestMethods(Invoker.java:1231)
	at org.testng.internal.TestMethodWorker.invokeTestMethods(TestMethodWorker.java:127)
	at org.testng.internal.TestMethodWorker.run(TestMethodWorker.java:111)
	at org.testng.TestRunner.privateRun(TestRunner.java:767)
	at org.testng.TestRunner.run(TestRunner.java:617)
	at org.testng.SuiteRunner.runTest(SuiteRunner.java:334)
	at org.testng.SuiteRunner.runSequentially(SuiteRunner.java:329)
	at org.testng.SuiteRunner.privateRun(SuiteRunner.java:291)
	at org.testng.SuiteRunner.run(SuiteRunner.java:240)
	at org.testng.SuiteRunnerWorker.runSuite(SuiteRunnerWorker.java:52)
	at org.testng.SuiteRunnerWorker.run(SuiteRunnerWorker.java:86)
	at org.testng.TestNG.runSuitesSequentially(TestNG.java:1198)
	at org.testng.TestNG.runSuitesLocally(TestNG.java:1123)
	at org.testng.TestNG.run(TestNG.java:1031)
	at org.testng.TestNG.privateMain(TestNG.java:1338)
	at org.testng.TestNG.main(TestNG.java:1307)
]]>
    </failure>
  </testcase> <!-- method -->
</testsuite> <!-- com.testscripts.TC04 -->
